# JRE version: OpenJDK Runtime Environment (8.0_152) (build 1.8.0_152-release-1343-b16-5323222)
# Java VM: OpenJDK 64-Bit Server VM (25.152-b16-5323222 mixed mode linux-amd64 compressed oops)
Heap:
 PSYoungGen      total 1911296K, used 12694K [0x0000000700000000, 0x000000077d200000, 0x00000007c0000000)
  eden space 1772544K, 0% used [0x0000000700000000,0x0000000700000000,0x000000076c300000)
  from space 138752K, 9% used [0x000000076c300000,0x000000076cf65978,0x0000000774a80000)
  to   space 128000K, 0% used [0x0000000775500000,0x0000000775500000,0x000000077d200000)
 ParOldGen       total 333312K, used 132568K [0x0000000580000000, 0x0000000594580000, 0x0000000700000000)
  object space 333312K, 39% used [0x0000000580000000,0x0000000588176128,0x0000000594580000)
 Metaspace       used 111140K, capacity 116240K, committed 116992K, reserved 1150976K
  class space    used 13909K, capacity 14897K, committed 15104K, reserved 1048576K
GC Heap History (10 events):
Event: 479.137 GC heap after
Heap after GC invocations=39 (full 4):
 PSYoungGen      total 1603584K, used 29436K [0x0000000700000000, 0x0000000773d00000, 0x00000007c0000000)
  eden space 1466368K, 0% used [0x0000000700000000,0x0000000700000000,0x0000000759800000)
  from space 137216K, 21% used [0x0000000759800000,0x000000075b4bf0f8,0x0000000761e00000)
  to   space 137216K, 0% used [0x000000076b700000,0x000000076b700000,0x0000000773d00000)
 ParOldGen       total 246784K, used 203407K [0x0000000580000000, 0x000000058f100000, 0x0000000700000000)
  object space 246784K, 82% used [0x0000000580000000,0x000000058c6a3d38,0x000000058f100000)
 Metaspace       used 111630K, capacity 116814K, committed 116992K, reserved 1150976K
  class space    used 13990K, capacity 15002K, committed 15104K, reserved 1048576K
}
Event: 481.145 GC heap before
{Heap before GC invocations=40 (full 4):
 PSYoungGen      total 1603584K, used 1495804K [0x0000000700000000, 0x0000000773d00000, 0x00000007c0000000)
  eden space 1466368K, 100% used [0x0000000700000000,0x0000000759800000,0x0000000759800000)
  from space 137216K, 21% used [0x0000000759800000,0x000000075b4bf0f8,0x0000000761e00000)
  to   space 137216K, 0% used [0x000000076b700000,0x000000076b700000,0x0000000773d00000)
 ParOldGen       total 246784K, used 203407K [0x0000000580000000, 0x000000058f100000, 0x0000000700000000)
  object space 246784K, 82% used [0x0000000580000000,0x000000058c6a3d38,0x000000058f100000)
 Metaspace       used 111657K, capacity 116814K, committed 116992K, reserved 1150976K
  class space    used 13990K, capacity 15002K, committed 15104K, reserved 1048576K
Event: 481.171 GC heap after
Heap after GC invocations=40 (full 4):
 PSYoungGen      total 1750016K, used 8093K [0x0000000700000000, 0x0000000773b00000, 0x00000007c0000000)
  eden space 1614848K, 0% used [0x0000000700000000,0x0000000700000000,0x0000000762900000)
  from space 135168K, 5% used [0x000000076b700000,0x000000076bee7550,0x0000000773b00000)
  to   space 140288K, 0% used [0x0000000762900000,0x0000000762900000,0x000000076b200000)
 ParOldGen       total 246784K, used 219238K [0x0000000580000000, 0x000000058f100000, 0x0000000700000000)
  object space 246784K, 88% used [0x0000000580000000,0x000000058d619b60,0x000000058f100000)
 Metaspace       used 111657K, capacity 116814K, committed 116992K, reserved 1150976K
  class space    used 13990K, capacity 15002K, committed 15104K, reserved 1048576K
}
Event: 481.171 GC heap before
{Heap before GC invocations=41 (full 5):
 PSYoungGen      total 1750016K, used 8093K [0x0000000700000000, 0x0000000773b00000, 0x00000007c0000000)
  eden space 1614848K, 0% used [0x0000000700000000,0x0000000700000000,0x0000000762900000)
  from space 135168K, 5% used [0x000000076b700000,0x000000076bee7550,0x0000000773b00000)
  to   space 140288K, 0% used [0x0000000762900000,0x0000000762900000,0x000000076b200000)
 ParOldGen       total 246784K, used 219238K [0x0000000580000000, 0x000000058f100000, 0x0000000700000000)
  object space 246784K, 88% used [0x0000000580000000,0x000000058d619b60,0x000000058f100000)
 Metaspace       used 111657K, capacity 116814K, committed 116992K, reserved 1150976K
  class space    used 13990K, capacity 15002K, committed 15104K, reserved 1048576K
Event: 481.427 GC heap after
Heap after GC invocations=41 (full 5):
 PSYoungGen      total 1750016K, used 0K [0x0000000700000000, 0x0000000773b00000, 0x00000007c0000000)
  eden space 1614848K, 0% used [0x0000000700000000,0x0000000700000000,0x0000000762900000)
  from space 135168K, 0% used [0x000000076b700000,0x000000076b700000,0x0000000773b00000)
  to   space 140288K, 0% used [0x0000000762900000,0x0000000762900000,0x000000076b200000)
 ParOldGen       total 333312K, used 132568K [0x0000000580000000, 0x0000000594580000, 0x0000000700000000)
  object space 333312K, 39% used [0x0000000580000000,0x0000000588176128,0x0000000594580000)
 Metaspace       used 111135K, capacity 116234K, committed 116992K, reserved 1150976K
  class space    used 13908K, capacity 14896K, committed 15104K, reserved 1048576K
}
Event: 483.984 GC heap before
{Heap before GC invocations=42 (full 5):
 PSYoungGen      total 1750016K, used 1614848K [0x0000000700000000, 0x0000000773b00000, 0x00000007c0000000)
  eden space 1614848K, 100% used [0x0000000700000000,0x0000000762900000,0x0000000762900000)
  from space 135168K, 0% used [0x000000076b700000,0x000000076b700000,0x0000000773b00000)
  to   space 140288K, 0% used [0x0000000762900000,0x0000000762900000,0x000000076b200000)
 ParOldGen       total 333312K, used 132568K [0x0000000580000000, 0x0000000594580000, 0x0000000700000000)
  object space 333312K, 39% used [0x0000000580000000,0x0000000588176128,0x0000000594580000)
 Metaspace       used 111137K, capacity 116234K, committed 116992K, reserved 1150976K
  class space    used 13908K, capacity 14896K, committed 15104K, reserved 1048576K
Event: 483.991 GC heap after
Heap after GC invocations=42 (full 5):
 PSYoungGen      total 1755136K, used 9732K [0x0000000700000000, 0x000000077de80000, 0x00000007c0000000)
  eden space 1614848K, 0% used [0x0000000700000000,0x0000000700000000,0x0000000762900000)
  from space 140288K, 6% used [0x0000000762900000,0x00000007632810e0,0x000000076b200000)
  to   space 140800K, 0% used [0x0000000775500000,0x0000000775500000,0x000000077de80000)
 ParOldGen       total 333312K, used 132568K [0x0000000580000000, 0x0000000594580000, 0x0000000700000000)
  object space 333312K, 39% used [0x0000000580000000,0x0000000588176128,0x0000000594580000)
 Metaspace       used 111137K, capacity 116234K, committed 116992K, reserved 1150976K
  class space    used 13908K, capacity 14896K, committed 15104K, reserved 1048576K
}
Event: 486.028 GC heap before
{Heap before GC invocations=43 (full 5):
 PSYoungGen      total 1755136K, used 1624580K [0x0000000700000000, 0x000000077de80000, 0x00000007c0000000)
  eden space 1614848K, 100% used [0x0000000700000000,0x0000000762900000,0x0000000762900000)
  from space 140288K, 6% used [0x0000000762900000,0x00000007632810e0,0x000000076b200000)
  to   space 140800K, 0% used [0x0000000775500000,0x0000000775500000,0x000000077de80000)
 ParOldGen       total 333312K, used 132568K [0x0000000580000000, 0x0000000594580000, 0x0000000700000000)
  object space 333312K, 39% used [0x0000000580000000,0x0000000588176128,0x0000000594580000)
 Metaspace       used 111138K, capacity 116234K, committed 116992K, reserved 1150976K
  class space    used 13908K, capacity 14896K, committed 15104K, reserved 1048576K
Event: 486.046 GC heap after
Heap after GC invocations=43 (full 5):
 PSYoungGen      total 1900544K, used 17004K [0x0000000700000000, 0x000000077d200000, 0x00000007c0000000)
  eden space 1772544K, 0% used [0x0000000700000000,0x0000000700000000,0x000000076c300000)
  from space 128000K, 13% used [0x0000000775500000,0x000000077659b228,0x000000077d200000)
  to   space 138752K, 0% used [0x000000076c300000,0x000000076c300000,0x0000000774a80000)
 ParOldGen       total 333312K, used 132568K [0x0000000580000000, 0x0000000594580000, 0x0000000700000000)
  object space 333312K, 39% used [0x0000000580000000,0x0000000588176128,0x0000000594580000)
 Metaspace       used 111138K, capacity 116234K, committed 116992K, reserved 1150976K
  class space    used 13908K, capacity 14896K, committed 15104K, reserved 1048576K
}
Event: 488.407 GC heap before
{Heap before GC invocations=44 (full 5):
 PSYoungGen      total 1900544K, used 1789548K [0x0000000700000000, 0x000000077d200000, 0x00000007c0000000)
  eden space 1772544K, 100% used [0x0000000700000000,0x000000076c300000,0x000000076c300000)
  from space 128000K, 13% used [0x0000000775500000,0x000000077659b228,0x000000077d200000)
  to   space 138752K, 0% used [0x000000076c300000,0x000000076c300000,0x0000000774a80000)
 ParOldGen       total 333312K, used 132568K [0x0000000580000000, 0x0000000594580000, 0x0000000700000000)
  object space 333312K, 39% used [0x0000000580000000,0x0000000588176128,0x0000000594580000)
 Metaspace       used 111140K, capacity 116240K, committed 116992K, reserved 1150976K
  class space    used 13909K, capacity 14897K, committed 15104K, reserved 1048576K

